**********************
Windows PowerShell transcript start
Start time: 20251117112136
Username: DOMAIN\User
RunAs User: DOMAIN\User
Configuration Name: 
Machine: HOSTNAME (Microsoft Windows NT 10.0.26200.0)
Host Application: C:\WINDOWS\system32\WindowsPowerShell\v1.0\PowerShell_ISE.exe
Process ID: 34996
PSVersion: 5.1.26100.7019
PSEdition: Desktop
PSCompatibleVersions: 1.0, 2.0, 3.0, 4.0, 5.0, 5.1.26100.7019
BuildVersion: 10.0.26100.7019
CLRVersion: 4.0.30319.42000
WSManStackVersion: 3.0
PSRemotingProtocolVersion: 2.3
SerializationVersion: 1.1.0.1
**********************
Transcript started, output file is D:\LabSetup\HostPrep.log
2025-17-11 11:21:36 [INFO] - Checking if Hyper-V is installed...
2025-17-11 11:21:36 [INFO] - ✅ Hyper-V is already enabled.
2025-17-11 11:21:36 [INFO] - Checking CPU virtualization support...
2025-17-11 11:21:36 [INFO] - ✅ Hyper-V services are running - virtualization is working.
2025-17-11 11:21:36 [INFO] - Checking for external network adapter...
2025-17-11 11:21:36 [INFO] - Selected NIC: WiFi - [REDACTED NIC MODEL]
2025-17-11 11:21:36 [INFO] - ✅ External switch 'External 2' already exists.
2025-17-11 11:21:36 [INFO] - Checking system requirements...
2025-17-11 11:21:38 [INFO] - 🧠 OS: Microsoft Windows 11 Pro
2025-17-11 11:21:38 [INFO] - 🧠 CPU Cores: 24
2025-17-11 11:21:38 [INFO] - 🧠 RAM: 63.7 GB
2025-17-11 11:21:38 [INFO] - 🧠 Free Disk (C:): 555.8 GB
2025-17-11 11:21:38 [INFO] - ✅ Lab folder exists: D:\Win11Lab
2025-17-11 11:21:38 [INFO] - ✅ Lab folder permissions verified
2025-17-11 11:21:38 [INFO] - 
=========================================
2025-17-11 11:21:38 [INFO] - ✅ Host environment is ready for lab provisioning.
2025-17-11 11:21:38 [INFO] - =========================================
2025-17-11 11:21:38 [INFO] - Lab Folder: D:\Win11Lab
2025-17-11 11:21:38 [INFO] - Virtual Switch: External 2
2025-17-11 11:21:38 [INFO] - 
You may now run Setup.exe from the extracted lab kit.
2025-17-11 11:21:38 [INFO] - =========================================

Press Enter to exit...
**********************
Windows PowerShell transcript end
End time: 20251117113159
**********************
